<?xml version="1.0" encoding="UTF-8"?>
<testsuite xmlns:xsi="http://www.w3.org/2001/XMLSchema-instance" xsi:noNamespaceSchemaLocation="https://maven.apache.org/surefire/maven-surefire-plugin/xsd/surefire-test-report.xsd" name="RegistrationTests" time="5.992" tests="2" errors="0" skipped="0" failures="0">
  <properties>
[...]
</properties>
  <testcase name="registrateNewUserWithCorrectData" classname="RegistrationTests" time="3.942"/>
  <testcase name="registrateNewUserWithIncorrectPasswordLength3" classname="RegistrationTests" time="2.049"/>
</testsuite>